
2025/05/19 (13:03:22) | ===> btop++ v.1.3.0
2025/05/19 (13:03:22) | WARNING: NVML: Failed to get maximum GPU power draw, defaulting to 225W: Not Supported
2025/05/19 (13:03:22) | WARNING: NVML: Failed to get GPU power usage: Not Supported

2025/05/19 (17:23:02) | ===> btop++ v.1.3.0
2025/05/19 (17:23:02) | WARNING: NVML: Failed to get maximum GPU power draw, defaulting to 225W: Not Supported
2025/05/19 (17:23:02) | WARNING: NVML: Failed to get GPU power usage: Not Supported

2025/05/19 (17:24:21) | ===> btop++ v.1.3.0
2025/05/19 (17:24:21) | WARNING: NVML: Failed to get maximum GPU power draw, defaulting to 225W: Not Supported
2025/05/19 (17:24:21) | WARNING: NVML: Failed to get GPU power usage: Not Supported

2025/05/20 (08:22:17) | ===> btop++ v.1.3.0
2025/05/20 (08:22:17) | WARNING: NVML: Failed to get maximum GPU power draw, defaulting to 225W: Not Supported
2025/05/20 (08:22:17) | WARNING: NVML: Failed to get GPU power usage: Not Supported

2025/05/21 (08:52:35) | ===> btop++ v.1.3.0
2025/05/21 (08:52:35) | WARNING: NVML: Failed to get maximum GPU power draw, defaulting to 225W: Not Supported
2025/05/21 (08:52:35) | WARNING: NVML: Failed to get GPU power usage: Not Supported

2025/05/23 (11:15:06) | ===> btop++ v.1.3.0
2025/05/23 (11:15:06) | WARNING: NVML: Failed to get maximum GPU power draw, defaulting to 225W: Not Supported
2025/05/23 (11:15:06) | WARNING: NVML: Failed to get GPU power usage: Not Supported

2025/05/23 (11:15:38) | ===> btop++ v.1.3.0
2025/05/23 (11:15:38) | WARNING: NVML: Failed to get maximum GPU power draw, defaulting to 225W: Not Supported
2025/05/23 (11:15:38) | WARNING: NVML: Failed to get GPU power usage: Not Supported

2025/05/23 (11:15:52) | ===> btop++ v.1.3.0
2025/05/23 (11:15:52) | WARNING: NVML: Failed to get maximum GPU power draw, defaulting to 225W: Not Supported
2025/05/23 (11:15:52) | WARNING: NVML: Failed to get GPU power usage: Not Supported

2025/05/23 (11:18:26) | ===> btop++ v.1.3.0
2025/05/23 (11:18:26) | WARNING: NVML: Failed to get maximum GPU power draw, defaulting to 225W: Not Supported
2025/05/23 (11:18:26) | WARNING: NVML: Failed to get GPU power usage: Not Supported

2025/05/25 (16:17:36) | ===> btop++ v.1.3.0
2025/05/25 (16:17:36) | WARNING: NVML: Failed to get maximum GPU power draw, defaulting to 225W: Not Supported
2025/05/25 (16:17:36) | WARNING: NVML: Failed to get GPU power usage: Not Supported

2025/05/26 (12:00:47) | ===> btop++ v.1.3.0
2025/05/26 (12:00:47) | WARNING: NVML: Failed to get maximum GPU power draw, defaulting to 225W: Not Supported
2025/05/26 (12:00:47) | WARNING: NVML: Failed to get GPU power usage: Not Supported

2025/06/04 (12:28:26) | ===> btop++ v.1.3.0
2025/06/04 (12:28:26) | WARNING: NVML: Failed to get maximum GPU power draw, defaulting to 225W: Not Supported
2025/06/04 (12:28:26) | WARNING: NVML: Failed to get GPU power usage: Not Supported

2025/06/04 (13:32:21) | ===> btop++ v.1.3.0
2025/06/04 (13:32:21) | WARNING: NVML: Failed to get maximum GPU power draw, defaulting to 225W: Not Supported
2025/06/04 (13:32:21) | WARNING: NVML: Failed to get GPU power usage: Not Supported

2025/06/04 (13:33:48) | ===> btop++ v.1.3.0
2025/06/04 (13:33:48) | WARNING: NVML: Failed to get maximum GPU power draw, defaulting to 225W: Not Supported
2025/06/04 (13:33:48) | WARNING: NVML: Failed to get GPU power usage: Not Supported

2025/06/04 (13:42:53) | ===> btop++ v.1.3.0
2025/06/04 (13:42:53) | WARNING: NVML: Failed to get maximum GPU power draw, defaulting to 225W: Not Supported
2025/06/04 (13:42:53) | WARNING: NVML: Failed to get GPU power usage: Not Supported

2025/06/04 (13:44:42) | ===> btop++ v.1.3.0
2025/06/04 (13:44:42) | WARNING: NVML: Failed to get maximum GPU power draw, defaulting to 225W: Not Supported
2025/06/04 (13:44:42) | WARNING: NVML: Failed to get GPU power usage: Not Supported

2025/06/04 (13:50:02) | ===> btop++ v.1.3.0
2025/06/04 (13:50:02) | WARNING: NVML: Failed to get maximum GPU power draw, defaulting to 225W: Not Supported
2025/06/04 (13:50:02) | WARNING: NVML: Failed to get GPU power usage: Not Supported

2025/06/04 (14:11:29) | ===> btop++ v.1.3.0
2025/06/04 (14:11:29) | WARNING: NVML: Failed to get maximum GPU power draw, defaulting to 225W: Not Supported
2025/06/04 (14:11:29) | WARNING: NVML: Failed to get GPU power usage: Not Supported
2025/06/04 (14:11:32) | ERROR: Couldn't determine terminal size of "STDOUT_FILENO"!
2025/06/04 (14:11:32) | ERROR: Couldn't determine terminal size of "/dev/tty"!

2025/06/04 (14:11:40) | ===> btop++ v.1.3.0
2025/06/04 (14:11:40) | WARNING: NVML: Failed to get maximum GPU power draw, defaulting to 225W: Not Supported
2025/06/04 (14:11:40) | WARNING: NVML: Failed to get GPU power usage: Not Supported

2025/06/04 (22:08:52) | ===> btop++ v.1.3.0
2025/06/04 (22:08:52) | WARNING: NVML: Failed to get maximum GPU power draw, defaulting to 225W: Not Supported
2025/06/04 (22:08:52) | WARNING: NVML: Failed to get GPU power usage: Not Supported

2025/06/04 (22:10:09) | ===> btop++ v.1.3.0
2025/06/04 (22:10:09) | WARNING: NVML: Failed to get maximum GPU power draw, defaulting to 225W: Not Supported
2025/06/04 (22:10:09) | WARNING: NVML: Failed to get GPU power usage: Not Supported

2025/06/04 (22:10:16) | ===> btop++ v.1.3.0
2025/06/04 (22:10:16) | WARNING: NVML: Failed to get maximum GPU power draw, defaulting to 225W: Not Supported
2025/06/04 (22:10:16) | WARNING: NVML: Failed to get GPU power usage: Not Supported

2025/06/04 (22:11:05) | ===> btop++ v.1.3.0
2025/06/04 (22:11:05) | WARNING: NVML: Failed to get maximum GPU power draw, defaulting to 225W: Not Supported
2025/06/04 (22:11:05) | WARNING: NVML: Failed to get GPU power usage: Not Supported

2025/06/04 (22:14:56) | ===> btop++ v.1.3.0
2025/06/04 (22:14:56) | WARNING: NVML: Failed to get maximum GPU power draw, defaulting to 225W: Not Supported
2025/06/04 (22:14:56) | WARNING: NVML: Failed to get GPU power usage: Not Supported

2025/06/04 (22:15:21) | ===> btop++ v.1.3.0
2025/06/04 (22:15:21) | WARNING: NVML: Failed to get maximum GPU power draw, defaulting to 225W: Not Supported
2025/06/04 (22:15:21) | WARNING: NVML: Failed to get GPU power usage: Not Supported

2025/06/05 (11:06:53) | ===> btop++ v.1.3.0
2025/06/05 (11:06:53) | WARNING: NVML: Failed to get maximum GPU power draw, defaulting to 225W: Not Supported
2025/06/05 (11:06:53) | WARNING: NVML: Failed to get GPU power usage: Not Supported

2025/06/05 (11:26:23) | ===> btop++ v.1.3.0
2025/06/05 (11:26:23) | WARNING: NVML: Failed to get maximum GPU power draw, defaulting to 225W: Not Supported
2025/06/05 (11:26:23) | WARNING: NVML: Failed to get GPU power usage: Not Supported

2025/06/05 (14:02:48) | ===> btop++ v.1.3.0
2025/06/05 (14:02:48) | WARNING: NVML: Failed to get maximum GPU power draw, defaulting to 225W: Not Supported
2025/06/05 (14:02:48) | WARNING: NVML: Failed to get GPU power usage: Not Supported

2025/06/05 (14:03:45) | ===> btop++ v.1.3.0
2025/06/05 (14:03:45) | WARNING: NVML: Failed to get maximum GPU power draw, defaulting to 225W: Not Supported
2025/06/05 (14:03:45) | WARNING: NVML: Failed to get GPU power usage: Not Supported
